app/build/intermediates/manifest_merge_blame_file/debug/manifest-merger-blame-debug-report.txt
1<?xml version="1.0" encoding="utf-8"?>
2<manifest xmlns:android="http://schemas.android.com/apk/res/android"
3    package="com.example.EpicDoodles"
4    android:versionCode="1"
5    android:versionName="1.0" >
6
7    <uses-sdk
8        android:minSdkVersion="21"
8-->src\main\AndroidManifest.xml
9        android:targetSdkVersion="30" />
9-->src\main\AndroidManifest.xml
10
11    <uses-permission android:name="android.permission.INTERNET" /> <!-- Although the *SdkVersion is captured in gradle build files, this is required for non gradle builds -->
11-->[com.firebaseui:firebase-ui-database:7.1.1] AndroidManifest.xml:11:5-67
11-->[com.firebaseui:firebase-ui-database:7.1.1] AndroidManifest.xml:11:22-64
12    <!-- <uses-sdk android:minSdkVersion="14"/> -->
13    <uses-permission android:name="android.permission.ACCESS_NETWORK_STATE" />
13-->[com.google.firebase:firebase-database:19.7.0] AndroidManifest.xml:25:5-79
13-->[com.google.firebase:firebase-database:19.7.0] AndroidManifest.xml:25:22-76
14
15    <application
15-->src\main\AndroidManifest.xml:5:5-40:19
16        android:allowBackup="true"
16-->src\main\AndroidManifest.xml:6:9-35
17        android:appComponentFactory="androidx.core.app.CoreComponentFactory"
17-->[androidx.core:core:1.3.1] AndroidManifest.xml:24:18-86
18        android:debuggable="true"
19        android:icon="@mipmap/ic_launcher"
19-->src\main\AndroidManifest.xml:7:9-43
20        android:label="Epic Doodles"
20-->src\main\AndroidManifest.xml:8:9-37
21        android:roundIcon="@mipmap/ic_launcher_round"
21-->src\main\AndroidManifest.xml:9:9-54
22        android:supportsRtl="true"
22-->src\main\AndroidManifest.xml:10:9-35
23        android:testOnly="true"
24        android:theme="@style/Theme.EpicDoodles" >
24-->src\main\AndroidManifest.xml:11:9-49
25        <activity
25-->src\main\AndroidManifest.xml:12:9-15:68
26            android:name="com.example.EpicDoodles.AddInventoryActivity"
26-->src\main\AndroidManifest.xml:13:13-49
27            android:exported="true"
27-->src\main\AndroidManifest.xml:14:13-36
28            android:theme="@style/Theme.EpicDoodles.NoActionBar" />
28-->src\main\AndroidManifest.xml:15:13-65
29        <activity
29-->src\main\AndroidManifest.xml:16:9-18:39
30            android:name="com.example.EpicDoodles.InventoryActivity"
30-->src\main\AndroidManifest.xml:17:13-46
31            android:exported="true" />
31-->src\main\AndroidManifest.xml:18:13-36
32        <activity
32-->src\main\AndroidManifest.xml:19:9-21:39
33            android:name="com.example.EpicDoodles.AddEmployeeActivity"
33-->src\main\AndroidManifest.xml:20:13-48
34            android:exported="true" />
34-->src\main\AndroidManifest.xml:21:13-36
35        <activity
35-->src\main\AndroidManifest.xml:22:9-24:39
36            android:name="com.example.EpicDoodles.EmployeeActivity"
36-->src\main\AndroidManifest.xml:23:13-45
37            android:exported="true" />
37-->src\main\AndroidManifest.xml:24:13-36
38        <activity
38-->src\main\AndroidManifest.xml:25:9-27:39
39            android:name="com.example.EpicDoodles.FoodActivity"
39-->src\main\AndroidManifest.xml:26:13-41
40            android:exported="true" />
40-->src\main\AndroidManifest.xml:27:13-36
41        <activity
41-->src\main\AndroidManifest.xml:28:9-30:39
42            android:name="com.example.EpicDoodles.AddFoodActivity"
42-->src\main\AndroidManifest.xml:29:13-44
43            android:exported="true" />
43-->src\main\AndroidManifest.xml:30:13-36
44        <activity
44-->src\main\AndroidManifest.xml:31:9-39:20
45            android:name="com.example.EpicDoodles.MainActivity"
45-->src\main\AndroidManifest.xml:32:13-41
46            android:exported="true" >
46-->src\main\AndroidManifest.xml:33:13-36
47            <intent-filter>
47-->src\main\AndroidManifest.xml:34:13-38:29
48                <action android:name="android.intent.action.MAIN" />
48-->src\main\AndroidManifest.xml:35:17-69
48-->src\main\AndroidManifest.xml:35:25-66
49
50                <category android:name="android.intent.category.LAUNCHER" />
50-->src\main\AndroidManifest.xml:37:17-77
50-->src\main\AndroidManifest.xml:37:27-74
51            </intent-filter>
52        </activity>
53
54        <service
54-->[com.google.firebase:firebase-database:19.7.0] AndroidManifest.xml:29:9-35:19
55            android:name="com.google.firebase.components.ComponentDiscoveryService"
55-->[com.google.firebase:firebase-database:19.7.0] AndroidManifest.xml:30:13-84
56            android:directBootAware="true"
56-->[com.google.firebase:firebase-common:19.5.0] AndroidManifest.xml:35:13-43
57            android:exported="false" >
57-->[com.google.firebase:firebase-database:19.7.0] AndroidManifest.xml:31:13-37
58            <meta-data
58-->[com.google.firebase:firebase-database:19.7.0] AndroidManifest.xml:32:13-34:85
59                android:name="com.google.firebase.components:com.google.firebase.database.DatabaseRegistrar"
59-->[com.google.firebase:firebase-database:19.7.0] AndroidManifest.xml:33:17-109
60                android:value="com.google.firebase.components.ComponentRegistrar" />
60-->[com.google.firebase:firebase-database:19.7.0] AndroidManifest.xml:34:17-82
61            <!--
62                This registrar is not defined in the dynamic-module-support sdk itself to allow non-firebase
63                clients to use it as well, by defining this registrar in their own core/common library.
64            -->
65            <meta-data
65-->[com.google.firebase:firebase-common:19.5.0] AndroidManifest.xml:43:13-45:85
66                android:name="com.google.firebase.components:com.google.firebase.dynamicloading.DynamicLoadingRegistrar"
66-->[com.google.firebase:firebase-common:19.5.0] AndroidManifest.xml:44:17-121
67                android:value="com.google.firebase.components.ComponentRegistrar" />
67-->[com.google.firebase:firebase-common:19.5.0] AndroidManifest.xml:45:17-82
68        </service>
69
70        <activity
70-->[com.google.android.gms:play-services-base:17.0.0] AndroidManifest.xml:23:9-26:75
71            android:name="com.google.android.gms.common.api.GoogleApiActivity"
71-->[com.google.android.gms:play-services-base:17.0.0] AndroidManifest.xml:24:13-79
72            android:exported="false"
72-->[com.google.android.gms:play-services-base:17.0.0] AndroidManifest.xml:25:13-37
73            android:theme="@android:style/Theme.Translucent.NoTitleBar" />
73-->[com.google.android.gms:play-services-base:17.0.0] AndroidManifest.xml:26:13-72
74
75        <provider
75-->[com.google.firebase:firebase-common:19.5.0] AndroidManifest.xml:26:9-31:39
76            android:name="com.google.firebase.provider.FirebaseInitProvider"
76-->[com.google.firebase:firebase-common:19.5.0] AndroidManifest.xml:27:13-77
77            android:authorities="com.example.EpicDoodles.firebaseinitprovider"
77-->[com.google.firebase:firebase-common:19.5.0] AndroidManifest.xml:28:13-72
78            android:directBootAware="true"
78-->[com.google.firebase:firebase-common:19.5.0] AndroidManifest.xml:29:13-43
79            android:exported="false"
79-->[com.google.firebase:firebase-common:19.5.0] AndroidManifest.xml:30:13-37
80            android:initOrder="100" />
80-->[com.google.firebase:firebase-common:19.5.0] AndroidManifest.xml:31:13-36
81
82        <meta-data
82-->[com.google.android.gms:play-services-basement:17.0.0] AndroidManifest.xml:23:9-25:69
83            android:name="com.google.android.gms.version"
83-->[com.google.android.gms:play-services-basement:17.0.0] AndroidManifest.xml:24:13-58
84            android:value="@integer/google_play_services_version" />
84-->[com.google.android.gms:play-services-basement:17.0.0] AndroidManifest.xml:25:13-66
85    </application>
86
87</manifest>